[GIN-debug] [WARNING] Creating an Engine instance with the Logger and Recovery middleware already attached.

[GIN-debug] [WARNING] Running in "debug" mode. Switch to "release" mode in production.
 - using env:	export GIN_MODE=release
 - using code:	gin.SetMode(gin.ReleaseMode)

[GIN-debug] GET    /workApp/user/single      --> backend/worker.AssignWorker.func1 (6 handlers)
[GIN-debug] GET    /workApp/user/my          --> backend/worker.AssignWorker.func1 (6 handlers)
[GIN-debug] POST   /workApp/user/update      --> backend/worker.AssignWorker.func1 (6 handlers)
[GIN-debug] POST   /workApp/entry/login      --> backend/worker.AssignWorker.func1 (5 handlers)
[GIN-debug] PUT    /workApp/entry/register   --> backend/worker.AssignWorker.func1 (5 handlers)
[GIN-debug] POST   /workApp/entry/email/captcha --> backend/worker.AssignWorker.func1 (5 handlers)
[GIN-debug] GET    /workApp/entry/checkAccess --> backend/worker.AssignWorker.func1 (6 handlers)
[GIN-debug] [WARNING] You trusted all proxies, this is NOT safe. We recommend you to set a value.
Please check https://pkg.go.dev/github.com/gin-gonic/gin#readme-don-t-trust-all-proxies for details.
[GIN-debug] Listening and serving HTTP on :4000
[GIN] 2022/10/09 - 17:52:53 | 200 |    2.7763265s |             ::1 | POST     "/workApp/entry/email/captcha"
[GIN] 2022/10/09 - 17:52:56 | 200 |  1.363344084s |             ::1 | POST     "/workApp/entry/email/captcha"
[GIN] 2022/10/09 - 17:52:58 | 200 |  1.322765333s |             ::1 | POST     "/workApp/entry/email/captcha"
[GIN] 2022/10/09 - 17:53:00 | 200 |  1.288951375s |             ::1 | POST     "/workApp/entry/email/captcha"
[GIN] 2022/10/09 - 17:53:02 | 200 |  1.373730791s |             ::1 | POST     "/workApp/entry/email/captcha"
[GIN] 2022/10/09 - 17:55:12 | 200 |  1.372641833s |             ::1 | POST     "/workApp/entry/email/captcha"
